TN:
SF:src/hooks/useEffectTest.ts
FN:3,(anonymous_0)
FN:6,(anonymous_1)
FNF:2
FNH:2
FNDA:4,(anonymous_0)
FNDA:3,(anonymous_1)
DA:3,1
DA:4,4
DA:6,4
DA:7,3
DA:8,3
DA:12,4
LF:6
LH:6
BRDA:3,0,0,0
BRDA:7,1,0,3
BRDA:7,1,1,0
BRF:3
BRH:1
end_of_record
TN:
SF:src/hooks/useRecoilTest.ts
FN:4,(anonymous_0)
FNF:1
FNH:0
FNDA:0,(anonymous_0)
DA:4,1
DA:5,0
DA:7,0
LF:3
LH:1
BRF:0
BRH:0
end_of_record
TN:
SF:src/hooks/useTest.ts
FN:3,(anonymous_0)
FNF:1
FNH:1
FNDA:2,(anonymous_0)
DA:3,1
DA:4,2
DA:6,2
LF:3
LH:3
BRF:0
BRH:0
end_of_record
TN:
SF:src/recoil/atom.ts
FNF:0
FNH:0
DA:3,1
LF:1
LH:1
BRF:0
BRH:0
end_of_record
