{"/Users/ohyeong-geun/Documents/GitHub/test-study/custom-hook-test/src/hooks/useEffectTest.ts": {"path":"/Users/ohyeong-geun/Documents/GitHub/test-study/custom-hook-test/src/hooks/useEffectTest.ts","statementMap":{"0":{"start":{"line":3,"column":22},"end":{"line":16,"column":1}},"1":{"start":{"line":4,"column":24},"end":{"line":4,"column":52}},"2":{"start":{"line":6,"column":2},"end":{"line":10,"column":19}},"3":{"start":{"line":7,"column":4},"end":{"line":9,"column":5}},"4":{"start":{"line":8,"column":6},"end":{"line":8,"column":25}},"5":{"start":{"line":12,"column":2},"end":{"line":15,"column":4}}},"fnMap":{"0":{"name":"(anonymous_0)","decl":{"start":{"line":3,"column":22},"end":{"line":3,"column":23}},"loc":{"start":{"line":3,"column":73},"end":{"line":16,"column":1}},"line":3},"1":{"name":"(anonymous_1)","decl":{"start":{"line":6,"column":12},"end":{"line":6,"column":13}},"loc":{"start":{"line":6,"column":18},"end":{"line":10,"column":3}},"line":6}},"branchMap":{"0":{"loc":{"start":{"line":3,"column":25},"end":{"line":3,"column":42}},"type":"default-arg","locations":[{"start":{"line":3,"column":38},"end":{"line":3,"column":42}}],"line":3},"1":{"loc":{"start":{"line":7,"column":4},"end":{"line":9,"column":5}},"type":"if","locations":[{"start":{"line":7,"column":4},"end":{"line":9,"column":5}},{"start":{},"end":{}}],"line":7}},"s":{"0":1,"1":4,"2":4,"3":3,"4":3,"5":4},"f":{"0":4,"1":3},"b":{"0":[0],"1":[3,0]},"_coverageSchema":"1a1c01bbd47fc00a2c39e90264f33305004495a9","hash":"6293ce0985168961ea3f5dc0808956005776e5ff"}
,"/Users/ohyeong-geun/Documents/GitHub/test-study/custom-hook-test/src/hooks/useRecoilTest.ts": {"path":"/Users/ohyeong-geun/Documents/GitHub/test-study/custom-hook-test/src/hooks/useRecoilTest.ts","statementMap":{"0":{"start":{"line":4,"column":22},"end":{"line":11,"column":1}},"1":{"start":{"line":5,"column":24},"end":{"line":5,"column":49}},"2":{"start":{"line":7,"column":2},"end":{"line":10,"column":4}}},"fnMap":{"0":{"name":"(anonymous_0)","decl":{"start":{"line":4,"column":22},"end":{"line":4,"column":23}},"loc":{"start":{"line":4,"column":28},"end":{"line":11,"column":1}},"line":4}},"branchMap":{},"s":{"0":1,"1":0,"2":0},"f":{"0":0},"b":{},"_coverageSchema":"1a1c01bbd47fc00a2c39e90264f33305004495a9","hash":"b7c90314c51cad55e8ac851f7ee5fbe8d631eb18"}
,"/Users/ohyeong-geun/Documents/GitHub/test-study/custom-hook-test/src/hooks/useTest.ts": {"path":"/Users/ohyeong-geun/Documents/GitHub/test-study/custom-hook-test/src/hooks/useTest.ts","statementMap":{"0":{"start":{"line":3,"column":16},"end":{"line":10,"column":1}},"1":{"start":{"line":4,"column":30},"end":{"line":4,"column":54}},"2":{"start":{"line":6,"column":2},"end":{"line":9,"column":4}}},"fnMap":{"0":{"name":"(anonymous_0)","decl":{"start":{"line":3,"column":16},"end":{"line":3,"column":17}},"loc":{"start":{"line":3,"column":22},"end":{"line":10,"column":1}},"line":3}},"branchMap":{},"s":{"0":1,"1":2,"2":2},"f":{"0":2},"b":{},"_coverageSchema":"1a1c01bbd47fc00a2c39e90264f33305004495a9","hash":"06223a64024fb365b8142b14d59add377c559c1f"}
,"/Users/ohyeong-geun/Documents/GitHub/test-study/custom-hook-test/src/recoil/atom.ts": {"path":"/Users/ohyeong-geun/Documents/GitHub/test-study/custom-hook-test/src/recoil/atom.ts","statementMap":{"0":{"start":{"line":3,"column":18},"end":{"line":6,"column":2}}},"fnMap":{},"branchMap":{},"s":{"0":1},"f":{},"b":{},"_coverageSchema":"1a1c01bbd47fc00a2c39e90264f33305004495a9","hash":"9d2b206b0ab7099f28d4b7677eb441d3c8fbfd68"}
}
